0 info it worked if it ends with ok
1 verbose cli [ 'C:\\dev\\nodejs\\node.exe',
1 verbose cli   'C:\\dev\\nodejs\\node_modules\\npm\\bin\\npm-cli.js',
1 verbose cli   'publish' ]
2 info using npm@3.3.12
3 info using node@v5.3.0
4 verbose publish [ '.' ]
5 silly cache add args [ '.', null ]
6 verbose cache add spec .
7 silly cache add parsed spec Result {
7 silly cache add   raw: '.',
7 silly cache add   scope: null,
7 silly cache add   name: null,
7 silly cache add   rawSpec: '.',
7 silly cache add   spec: 'C:\\dev\\projects\\Personal\\stimp-server',
7 silly cache add   type: 'directory' }
8 verbose addLocalDirectory C:\Users\paulo.simao\AppData\Roaming\npm-cache\stimp-server\0.0.1\package.tgz not in flight; packing
9 info lifecycle stimp-server@0.0.1~prepublish: stimp-server@0.0.1
10 silly lifecycle stimp-server@0.0.1~prepublish: no script for prepublish, continuing
11 verbose tar pack [ 'C:\\Users\\paulo.simao\\AppData\\Roaming\\npm-cache\\stimp-server\\0.0.1\\package.tgz',
11 verbose tar pack   'C:\\dev\\projects\\Personal\\stimp-server' ]
12 verbose tarball C:\Users\paulo.simao\AppData\Roaming\npm-cache\stimp-server\0.0.1\package.tgz
13 verbose folder C:\dev\projects\Personal\stimp-server
14 verbose addLocalTarball adding from inside cache C:\Users\paulo.simao\AppData\Roaming\npm-cache\stimp-server\0.0.1\package.tgz
15 silly cache afterAdd stimp-server@0.0.1
16 verbose afterAdd C:\Users\paulo.simao\AppData\Roaming\npm-cache\stimp-server\0.0.1\package\package.json not in flight; writing
17 verbose afterAdd C:\Users\paulo.simao\AppData\Roaming\npm-cache\stimp-server\0.0.1\package\package.json written
18 silly publish { name: 'stimp-server',
18 silly publish   version: '0.0.1',
18 silly publish   description: 'Stomp server in Node.js. Please refer to readme.',
18 silly publish   main: 'index.js',
18 silly publish   scripts: { test: 'echo "Error: no test specified" && exit 1' },
18 silly publish   repository:
18 silly publish    { type: 'git',
18 silly publish      url: 'git+https://github.com/paulosimao/stimp-server.git' },
18 silly publish   keywords: [ 'stomp', 'server', 'mq', 'message' ],
18 silly publish   author:
18 silly publish    { name: '\'Paulo',
18 silly publish      email: '\'paulosimao@gmail.com\'',
18 silly publish      url: '\'http://github.com/paulosimao\'' },
18 silly publish   license: 'GPL-2.0',
18 silly publish   bugs: { url: 'https://github.com/paulosimao/stimp-server/issues' },
18 silly publish   homepage: 'https://github.com/paulosimao/stimp-server#readme',
18 silly publish   devDependencies: { chai: '^3.4.1', mocha: '^2.3.4' },
18 silly publish   dependencies: { lillog: '^1.0.1' },
18 silly publish   readme: '# Stimp Server\r\nSimple STOMP Server intended to support STOMP 1.2\r\n\r\nImportant - please refer to Stimp Client - this client counterpart. (https://github.com/paulosimao/stimp-client)\r\n\r\nInitially targets to interoperate with Stimp Client.\r\n\r\n###### PLEASE KEEP IN MIND - THIS IS STILL WIP, THOUGH I TARGET HAVING A TOP  NOTCH MESSAGE INFRA, THIS IS IN EARLY STAGE OF DEVELOPMENT. HELP W IDEAS, FEATURES AND TESTING IS HIGHLY APPRECIATED.\r\n\r\nLong history short (Or, get it done in 54 chars... ):\r\n\r\n    var Server = new require(\'../index\')();\r\n    Server.start();\r\n\r\nYou can optionally set config options before calling start:\r\n\r\n     server.config = {\r\n        serverport: 61613,\r\n        mongourl: \'mongodb://localhost:27017/stimp\'\r\n     };\r\n\r\n- serverport: IP Port assigned to listen to clients\r\n- mongourl: The messaging backend  is based on mongodb (maybe we will get some plugins later for other backends). Set DB url here.\r\n\r\n##### TODO:\r\n- Send pending messages to clients connected after message submission\r\n- Create proper behavior to queues and topics (at the moment everything behave like topics)\r\n- Improve error handling\r\n- Improve message parsing (stimp-commons)\r\n- Implement in box clustering\r\n- Implement failover, multibox clustering\r\n- Implement server to server broker architecture\r\n- Improve standard message protocol with some spices (system/control queues)\r\n- Implement pattern based subscription\r\n- Create a client/GUI to manage the solution\r\n- Create docker deployment model\r\n- Create in memory message bus for colocated landscapes.\r\n\r\n\r\n',
18 silly publish   readmeFilename: 'README.md',
18 silly publish   gitHead: 'e6a26aea70e2609fcf9ad9649486432461f2822a',
18 silly publish   _id: 'stimp-server@0.0.1',
18 silly publish   _shasum: '8efc5fbd6ca2c43e3613a7361f4c1b743a8b035d',
18 silly publish   _from: '.' }
19 verbose getPublishConfig undefined
20 silly mapToRegistry name stimp-server
21 silly mapToRegistry using default registry
22 silly mapToRegistry registry https://registry.npmjs.org/
23 silly mapToRegistry uri https://registry.npmjs.org/stimp-server
24 verbose publish registryBase https://registry.npmjs.org/
25 silly publish uploading C:\Users\paulo.simao\AppData\Roaming\npm-cache\stimp-server\0.0.1\package.tgz
26 verbose request uri https://registry.npmjs.org/stimp-server
27 verbose request sending authorization for write operation
28 info attempt registry request try #1 at 00:48:30
29 verbose request using bearer token for auth
30 verbose request id b7550e8b4392c863
31 http request PUT https://registry.npmjs.org/stimp-server
32 http 403 https://registry.npmjs.org/stimp-server
33 verbose headers { 'content-type': 'application/json',
33 verbose headers   'cache-control': 'max-age=300',
33 verbose headers   'content-length': '95',
33 verbose headers   'accept-ranges': 'bytes',
33 verbose headers   date: 'Mon, 28 Dec 2015 02:48:22 GMT',
33 verbose headers   via: '1.1 varnish',
33 verbose headers   connection: 'keep-alive',
33 verbose headers   'x-served-by': 'cache-atl6234-ATL',
33 verbose headers   'x-cache': 'MISS',
33 verbose headers   'x-cache-hits': '0',
33 verbose headers   'x-timer': 'S1451270900.988543,VS0,VE1081' }
34 verbose request invalidating C:\Users\paulo.simao\AppData\Roaming\npm-cache\registry.npmjs.org\stimp-server on PUT
35 error publish Failed PUT 403
36 verbose stack Error: "You cannot publish over the previously published version 0.0.1." : stimp-server
36 verbose stack     at makeError (C:\dev\nodejs\node_modules\npm\node_modules\npm-registry-client\lib\request.js:264:12)
36 verbose stack     at CachingRegistryClient.<anonymous> (C:\dev\nodejs\node_modules\npm\node_modules\npm-registry-client\lib\request.js:252:14)
36 verbose stack     at Request._callback (C:\dev\nodejs\node_modules\npm\node_modules\npm-registry-client\lib\request.js:172:14)
36 verbose stack     at Request.self.callback (C:\dev\nodejs\node_modules\npm\node_modules\request\request.js:198:22)
36 verbose stack     at emitTwo (events.js:87:13)
36 verbose stack     at Request.emit (events.js:172:7)
36 verbose stack     at Request.<anonymous> (C:\dev\nodejs\node_modules\npm\node_modules\request\request.js:1082:10)
36 verbose stack     at emitOne (events.js:82:20)
36 verbose stack     at Request.emit (events.js:169:7)
36 verbose stack     at IncomingMessage.<anonymous> (C:\dev\nodejs\node_modules\npm\node_modules\request\request.js:1009:12)
37 verbose statusCode 403
38 verbose pkgid stimp-server
39 verbose cwd C:\dev\projects\Personal\stimp-server
40 error Windows_NT 10.0.10586
41 error argv "C:\\dev\\nodejs\\node.exe" "C:\\dev\\nodejs\\node_modules\\npm\\bin\\npm-cli.js" "publish"
42 error node v5.3.0
43 error npm  v3.3.12
44 error code E403
45 error "You cannot publish over the previously published version 0.0.1." : stimp-server
46 error If you need help, you may report this error at:
46 error     <https://github.com/npm/npm/issues>
47 verbose exit [ 1, true ]
